[10Jan2021 02:27:26.430] [User Authenticator #478/INFO] [net.minecraft.network.login.ServerLoginNetHandler/]: UUID of player Gil_Mach is fb8275ef-1940-4fb8-a791-cf237169df2b
[10Jan2021 02:27:29.902] [Server thread/INFO] [net.minecraftforge.common.AdvancementLoadFix/]: Using new advancement loading for net.minecraft.advancements.PlayerAdvancements@517f9ca0
[10Jan2021 02:27:29.910] [Server thread/INFO] [net.minecraft.server.management.PlayerList/]: Gil_Mach[/177.249.36.110:31103] logged in with entity id 2097617 at (-181.4304561524801, 67.0, 757.8873747066166)
[10Jan2021 02:27:29.913] [Server thread/INFO] [net.minecraft.server.dedicated.DedicatedServer/]: Gil_Mach joined the game
[10Jan2021 02:30:12.236] [User Authenticator #479/INFO] [net.minecraft.network.login.ServerLoginNetHandler/]: UUID of player TheLukkar is f677ada8-0862-44c2-bd09-8f1e3757ce7e
[10Jan2021 02:30:15.238] [Server thread/INFO] [net.minecraftforge.common.AdvancementLoadFix/]: Using new advancement loading for net.minecraft.advancements.PlayerAdvancements@775c8fba
[10Jan2021 02:30:15.243] [Server thread/INFO] [net.minecraft.server.management.PlayerList/]: TheLukkar[/110.134.78.64:55057] logged in with entity id 2098918 at (-222.71087808466854, 105.0, 922.7280661407275)
[10Jan2021 02:30:15.245] [Server thread/INFO] [net.minecraft.server.dedicated.DedicatedServer/]: TheLukkar joined the game
[10Jan2021 03:01:24.727] [Server thread/INFO] [net.minecraft.server.dedicated.DedicatedServer/]: <TheLukkar> zzzzzzz
[10Jan2021 03:17:50.559] [Server thread/INFO] [net.minecraft.network.play.ServerPlayNetHandler/]: TheLukkar lost connection: Disconnected
[10Jan2021 03:17:50.560] [Server thread/INFO] [net.minecraft.server.dedicated.DedicatedServer/]: TheLukkar left the game
[10Jan2021 03:17:56.983] [Server thread/INFO] [net.minecraft.network.play.ServerPlayNetHandler/]: Gil_Mach lost connection: Disconnected
[10Jan2021 03:17:56.984] [Server thread/INFO] [net.minecraft.server.dedicated.DedicatedServer/]: Gil_Mach left the game
[10Jan2021 05:09:26.276] [User Authenticator #480/INFO] [net.minecraft.network.login.ServerLoginNetHandler/]: UUID of player Tundery3 is 0fe96bcd-2fd2-45ba-be3f-44621eddbd00
[10Jan2021 05:09:30.934] [Server thread/INFO] [net.minecraftforge.common.AdvancementLoadFix/]: Using new advancement loading for net.minecraft.advancements.PlayerAdvancements@5a2976fb
[10Jan2021 05:09:30.940] [Server thread/INFO] [net.minecraft.server.management.PlayerList/]: Tundery3[/177.228.110.9:26338] logged in with entity id 2113979 at (-128.56978154244263, 71.0, 736.7001494204309)
[10Jan2021 05:09:30.954] [Server thread/INFO] [net.minecraft.server.dedicated.DedicatedServer/]: Tundery3 joined the game
[10Jan2021 05:31:26.181] [Server thread/WARN] [net.minecraft.server.MinecraftServer/]: Can't keep up! Is the server overloaded? Running 2008ms or 40 ticks behind
[10Jan2021 05:31:26.222] [Server thread/WARN] [net.minecraft.network.play.ServerPlayNetHandler/]: Tundery3 moved too quickly! -9.695577657430192,1.376735613781733,-2.2813490137332337
[10Jan2021 05:44:45.950] [Server thread/WARN] [net.minecraft.world.TrackedEntity/]: Fetching packet for removed entity ItemEntity['Sandstone'/2120718, l='ServerLevel[world]', x=-27.55, y=65.00, z=116.09]
[10Jan2021 05:44:45.951] [Server thread/WARN] [net.minecraft.world.TrackedEntity/]: Fetching packet for removed entity ItemEntity['Sandstone'/2120719, l='ServerLevel[world]', x=-28.39, y=65.00, z=115.58]
[10Jan2021 05:49:38.305] [User Authenticator #481/INFO] [net.minecraft.network.login.ServerLoginNetHandler/]: UUID of player Gil_Mach is fb8275ef-1940-4fb8-a791-cf237169df2b
[10Jan2021 05:49:42.219] [Server thread/INFO] [net.minecraftforge.common.AdvancementLoadFix/]: Using new advancement loading for net.minecraft.advancements.PlayerAdvancements@7e340b59
[10Jan2021 05:49:42.226] [Server thread/INFO] [net.minecraft.server.management.PlayerList/]: Gil_Mach[/177.249.36.110:48277] logged in with entity id 2122505 at (84.98115874378459, 14.0, -91.26156079875751)
[10Jan2021 05:49:42.228] [Server thread/INFO] [net.minecraft.server.dedicated.DedicatedServer/]: Gil_Mach joined the game
[10Jan2021 05:50:28.412] [User Authenticator #482/INFO] [net.minecraft.network.login.ServerLoginNetHandler/]: UUID of player Nova_dev is dcda95b0-dc4c-48f4-805b-86a8222070f0
[10Jan2021 05:50:32.063] [Server thread/INFO] [net.minecraftforge.common.AdvancementLoadFix/]: Using new advancement loading for net.minecraft.advancements.PlayerAdvancements@7fb18279
[10Jan2021 05:50:32.067] [Server thread/INFO] [net.minecraft.server.management.PlayerList/]: Nova_dev[/187.189.197.39:62130] logged in with entity id 2123204 at (-134.55601184646218, 67.0, 810.0041724543162)
[10Jan2021 05:50:32.069] [Server thread/INFO] [net.minecraft.server.dedicated.DedicatedServer/]: Nova_dev joined the game
[10Jan2021 05:53:03.315] [User Authenticator #483/INFO] [net.minecraft.network.login.ServerLoginNetHandler/]: UUID of player Kation55 is 3ab47a30-044c-4e79-89e5-77d96c901589
[10Jan2021 05:53:06.108] [Server thread/INFO] [net.minecraftforge.common.AdvancementLoadFix/]: Using new advancement loading for net.minecraft.advancements.PlayerAdvancements@6f18ee45
[10Jan2021 05:53:06.118] [Server thread/INFO] [net.minecraft.server.management.PlayerList/]: Kation55[/187.200.136.172:56826] logged in with entity id 2125142 at (-118.45310145465368, 76.0, 721.3006688510443)
[10Jan2021 05:53:06.120] [Server thread/INFO] [net.minecraft.server.dedicated.DedicatedServer/]: Kation55 joined the game
[10Jan2021 05:56:47.932] [Server thread/WARN] [net.minecraft.server.MinecraftServer/]: Can't keep up! Is the server overloaded? Running 2008ms or 40 ticks behind
[10Jan2021 05:57:19.212] [Server thread/WARN] [net.minecraft.server.MinecraftServer/]: Can't keep up! Is the server overloaded? Running 2039ms or 40 ticks behind
[10Jan2021 05:57:34.938] [Server thread/WARN] [net.minecraft.server.management.PlayerInteractionManager/]: Mismatch in destroy block pos: BlockPos{x=39, y=14, z=53} BlockPos{x=39, y=13, z=53}
[10Jan2021 05:57:49.632] [Server thread/WARN] [net.minecraft.server.MinecraftServer/]: Can't keep up! Is the server overloaded? Running 2008ms or 40 ticks behind
[10Jan2021 05:58:08.153] [Server thread/INFO] [net.minecraft.server.dedicated.DedicatedServer/]: Nova_dev has completed the challenge [Hot Tourist Destinations]
[10Jan2021 05:58:21.993] [Server thread/WARN] [net.minecraft.server.MinecraftServer/]: Can't keep up! Is the server overloaded? Running 2019ms or 40 ticks behind
[10Jan2021 05:58:39.188] [Server thread/WARN] [net.minecraft.server.MinecraftServer/]: Can't keep up! Is the server overloaded? Running 2215ms or 44 ticks behind
[10Jan2021 05:59:06.680] [Server thread/WARN] [net.minecraft.server.MinecraftServer/]: Can't keep up! Is the server overloaded? Running 2007ms or 40 ticks behind
[10Jan2021 06:00:10.334] [Server thread/WARN] [net.minecraft.server.MinecraftServer/]: Can't keep up! Is the server overloaded? Running 2010ms or 40 ticks behind
[10Jan2021 06:02:58.442] [Server thread/INFO] [net.minecraft.server.dedicated.DedicatedServer/]: Kation55 was shot by Skeleton
[10Jan2021 06:06:11.678] [Server thread/WARN] [net.minecraft.server.MinecraftServer/]: Can't keep up! Is the server overloaded? Running 2004ms or 40 ticks behind
[10Jan2021 06:06:29.361] [Server thread/WARN] [net.minecraft.server.MinecraftServer/]: Can't keep up! Is the server overloaded? Running 2688ms or 53 ticks behind
[10Jan2021 06:06:47.272] [Server thread/WARN] [net.minecraft.server.MinecraftServer/]: Can't keep up! Is the server overloaded? Running 2949ms or 58 ticks behind
[10Jan2021 06:07:07.883] [Server thread/WARN] [net.minecraft.server.MinecraftServer/]: Can't keep up! Is the server overloaded? Running 2009ms or 40 ticks behind
[10Jan2021 06:07:24.998] [Server thread/WARN] [net.minecraft.server.MinecraftServer/]: Can't keep up! Is the server overloaded? Running 2124ms or 42 ticks behind
[10Jan2021 06:07:47.976] [Server thread/WARN] [net.minecraft.server.MinecraftServer/]: Can't keep up! Is the server overloaded? Running 2002ms or 40 ticks behind
[10Jan2021 06:08:05.532] [Server thread/WARN] [net.minecraft.server.MinecraftServer/]: Can't keep up! Is the server overloaded? Running 2558ms or 51 ticks behind
[10Jan2021 06:08:23.734] [Server thread/WARN] [net.minecraft.server.MinecraftServer/]: Can't keep up! Is the server overloaded? Running 2010ms or 40 ticks behind
[10Jan2021 06:08:44.844] [Server thread/WARN] [net.minecraft.server.MinecraftServer/]: Can't keep up! Is the server overloaded? Running 2020ms or 40 ticks behind
[10Jan2021 06:09:05.584] [Server thread/WARN] [net.minecraft.server.MinecraftServer/]: Can't keep up! Is the server overloaded? Running 2010ms or 40 ticks behind
[10Jan2021 06:09:17.640] [Server thread/INFO] [net.minecraft.server.dedicated.DedicatedServer/]: Nova_dev has completed the challenge [Cover Me in Debris]
[10Jan2021 06:09:34.586] [Server thread/WARN] [net.minecraft.server.MinecraftServer/]: Can't keep up! Is the server overloaded? Running 2013ms or 40 ticks behind
[10Jan2021 06:09:51.808] [Server thread/WARN] [net.minecraft.server.MinecraftServer/]: Can't keep up! Is the server overloaded? Running 2235ms or 44 ticks behind
[10Jan2021 06:10:09.867] [Server thread/WARN] [net.minecraft.server.MinecraftServer/]: Can't keep up! Is the server overloaded? Running 2044ms or 40 ticks behind
[10Jan2021 06:10:27.978] [Server thread/WARN] [net.minecraft.server.MinecraftServer/]: Can't keep up! Is the server overloaded? Running 3155ms or 63 ticks behind
[10Jan2021 06:10:45.398] [Server thread/WARN] [net.minecraft.server.MinecraftServer/]: Can't keep up! Is the server overloaded? Running 2424ms or 48 ticks behind
[10Jan2021 06:11:05.143] [Server thread/WARN] [net.minecraft.server.MinecraftServer/]: Can't keep up! Is the server overloaded? Running 2019ms or 40 ticks behind
[10Jan2021 06:12:17.281] [Server thread/WARN] [net.minecraft.server.MinecraftServer/]: Can't keep up! Is the server overloaded? Running 2858ms or 57 ticks behind
[10Jan2021 06:13:51.468] [Server thread/INFO] [net.minecraft.network.play.ServerPlayNetHandler/]: Kation55 lost connection: Disconnected
[10Jan2021 06:13:51.468] [Server thread/INFO] [net.minecraft.server.dedicated.DedicatedServer/]: Kation55 left the game
[10Jan2021 06:13:55.869] [Server thread/INFO] [net.minecraft.network.play.ServerPlayNetHandler/]: Tundery3 lost connection: Disconnected
[10Jan2021 06:13:55.870] [Server thread/INFO] [net.minecraft.server.dedicated.DedicatedServer/]: Tundery3 left the game
[10Jan2021 06:14:07.491] [User Authenticator #484/INFO] [net.minecraft.network.login.ServerLoginNetHandler/]: UUID of player Tundery3 is 0fe96bcd-2fd2-45ba-be3f-44621eddbd00
[10Jan2021 06:14:10.756] [Server thread/INFO] [net.minecraftforge.common.AdvancementLoadFix/]: Using new advancement loading for net.minecraft.advancements.PlayerAdvancements@1e4ff17
[10Jan2021 06:14:10.762] [Server thread/INFO] [net.minecraft.server.management.PlayerList/]: Tundery3[/177.228.110.9:43919] logged in with entity id 2142116 at (-1266.1940985133465, 25.0, 1523.9475845369147)
[10Jan2021 06:14:10.765] [Server thread/INFO] [net.minecraft.server.dedicated.DedicatedServer/]: Tundery3 joined the game
[10Jan2021 06:23:51.718] [Server thread/INFO] [net.minecraft.server.dedicated.DedicatedServer/]: Nova_dev was slain by Iron Golem
[10Jan2021 06:24:39.548] [Server thread/INFO] [net.minecraft.server.dedicated.DedicatedServer/]: Nova_dev was slain by Iron Golem
[10Jan2021 06:29:33.115] [Server thread/WARN] [net.minecraft.world.TrackedEntity/]: Fetching packet for removed entity ItemEntity['Bamboo'/2149015, l='ServerLevel[world]', x=-331.34, y=84.85, z=790.88]
[10Jan2021 06:37:18.940] [Server thread/WARN] [net.minecraft.network.play.ServerPlayNetHandler/]: Boat (vehicle of Nova_dev) moved too quickly! -6.835865063739789,0.0,7.823628985550272
[10Jan2021 06:37:18.941] [Server thread/WARN] [net.minecraft.network.play.ServerPlayNetHandler/]: Boat (vehicle of Nova_dev) moved too quickly! -7.102582897758111,0.0,8.121452789395676
[10Jan2021 06:37:18.941] [Server thread/WARN] [net.minecraft.network.play.ServerPlayNetHandler/]: Boat (vehicle of Nova_dev) moved too quickly! -7.368781979340099,0.0,8.419760004548152
[10Jan2021 06:37:18.942] [Server thread/WARN] [net.minecraft.network.play.ServerPlayNetHandler/]: Boat (vehicle of Nova_dev) moved too quickly! -7.634322148752176,0.0,8.71866716935142
[10Jan2021 06:37:18.943] [Server thread/WARN] [net.minecraft.network.play.ServerPlayNetHandler/]: Boat (vehicle of Nova_dev) moved too quickly! -7.899093819290158,0.0,9.01826312348669
[10Jan2021 06:37:18.943] [Server thread/WARN] [net.minecraft.network.play.ServerPlayNetHandler/]: Boat (vehicle of Nova_dev) moved too quickly! -8.163015180745958,0.0,9.31861207400027
[10Jan2021 06:37:18.944] [Server thread/WARN] [net.minecraft.network.play.ServerPlayNetHandler/]: Boat (vehicle of Nova_dev) moved too quickly! -8.426029654587978,0.0,9.619756328651079
[10Jan2021 06:37:18.944] [Server thread/WARN] [net.minecraft.network.play.ServerPlayNetHandler/]: Boat (vehicle of Nova_dev) moved too quickly! -8.688097648746862,0.0,9.921723589487783
[10Jan2021 06:37:18.945] [Server thread/WARN] [net.minecraft.network.play.ServerPlayNetHandler/]: Boat (vehicle of Nova_dev) moved too quickly! -8.949197956547891,0.0,10.22452614471797
[10Jan2021 06:37:21.552] [Server thread/WARN] [net.minecraft.network.play.ServerPlayNetHandler/]: Boat (vehicle of Nova_dev) moved too quickly! -6.831336835677064,0.0,7.839919515932479
[10Jan2021 06:37:21.553] [Server thread/WARN] [net.minecraft.network.play.ServerPlayNetHandler/]: Boat (vehicle of Nova_dev) moved too quickly! -7.092898466734027,0.0,8.142535809984338
[10Jan2021 06:37:21.553] [Server thread/WARN] [net.minecraft.network.play.ServerPlayNetHandler/]: Boat (vehicle of Nova_dev) moved too quickly! -7.354378533511806,0.0,8.445223863463525
[10Jan2021 06:37:21.554] [Server thread/WARN] [net.minecraft.network.play.ServerPlayNetHandler/]: Boat (vehicle of Nova_dev) moved too quickly! -7.615782282988505,0.0,8.747979000095256
[10Jan2021 06:37:21.555] [Server thread/WARN] [net.minecraft.network.play.ServerPlayNetHandler/]: Boat (vehicle of Nova_dev) moved too quickly! -7.877114437444334,0.0,9.05079701309512
[10Jan2021 06:37:21.555] [Server thread/WARN] [net.minecraft.network.play.ServerPlayNetHandler/]: Boat (vehicle of Nova_dev) moved too quickly! -8.138379248794024,0.0,9.353674112632007
[10Jan2021 06:37:21.555] [Server thread/WARN] [net.minecraft.network.play.ServerPlayNetHandler/]: Boat (vehicle of Nova_dev) moved too quickly! -8.399580541898047,0.0,9.656606887857947
[10Jan2021 06:37:21.556] [Server thread/WARN] [net.minecraft.network.play.ServerPlayNetHandler/]: Boat (vehicle of Nova_dev) moved too quickly! -8.660721760993454,0.0,9.959592270872463
[10Jan2021 06:37:21.556] [Server thread/WARN] [net.minecraft.network.play.ServerPlayNetHandler/]: Boat (vehicle of Nova_dev) moved too quickly! -8.921808913482494,0.0,10.262625000895468
[10Jan2021 06:37:21.556] [Server thread/WARN] [net.minecraft.network.play.ServerPlayNetHandler/]: Boat (vehicle of Nova_dev) moved too quickly! -9.182844496575399,0.0,10.565702841032135
[10Jan2021 06:37:21.556] [Server thread/WARN] [net.minecraft.network.play.ServerPlayNetHandler/]: Boat (vehicle of Nova_dev) moved too quickly! -9.443830755898603,0.0,10.868823776214413
[10Jan2021 06:37:21.556] [Server thread/WARN] [net.minecraft.network.play.ServerPlayNetHandler/]: Boat (vehicle of Nova_dev) moved too quickly! -9.704772623830308,0.0,11.171983496936832
[10Jan2021 06:37:21.558] [Server thread/WARN] [net.minecraft.network.play.ServerPlayNetHandler/]: Boat (vehicle of Nova_dev) moved too quickly! -9.965671631921566,0.0,11.475180624314248
[10Jan2021 06:37:21.558] [Server thread/WARN] [net.minecraft.network.play.ServerPlayNetHandler/]: Boat (vehicle of Nova_dev) moved too quickly! -10.226532066157517,0.0,11.778411417680218
[10Jan2021 06:37:21.558] [Server thread/WARN] [net.minecraft.network.play.ServerPlayNetHandler/]: Boat (vehicle of Nova_dev) moved too quickly! -10.487357783924608,0.0,12.081672510435055
[10Jan2021 06:37:21.558] [Server thread/WARN] [net.minecraft.network.play.ServerPlayNetHandler/]: Boat (vehicle of Nova_dev) moved too quickly! -10.748149345556158,0.0,12.384963370446371
[10Jan2021 06:37:21.559] [Server thread/WARN] [net.minecraft.network.play.ServerPlayNetHandler/]: Boat (vehicle of Nova_dev) moved too quickly! -11.00891016666651,0.0,12.688281020987802
[10Jan2021 06:37:21.559] [Server thread/WARN] [net.minecraft.network.play.ServerPlayNetHandler/]: Boat (vehicle of Nova_dev) moved too quickly! -11.269643321308536,0.0,12.99162278300571
[10Jan2021 06:37:21.559] [Server thread/WARN] [net.minecraft.network.play.ServerPlayNetHandler/]: Boat (vehicle of Nova_dev) moved too quickly! -11.53035157612976,0.0,13.294986245351765
[10Jan2021 06:37:21.559] [Server thread/WARN] [net.minecraft.network.play.ServerPlayNetHandler/]: Boat (vehicle of Nova_dev) moved too quickly! -11.791034509798465,0.0,13.598371733937256
[10Jan2021 06:37:21.559] [Server thread/WARN] [net.minecraft.network.play.ServerPlayNetHandler/]: Boat (vehicle of Nova_dev) moved too quickly! -12.051694654430491,0.0,13.901777046137681
[10Jan2021 06:37:21.559] [Server thread/WARN] [net.minecraft.network.play.ServerPlayNetHandler/]: Boat (vehicle of Nova_dev) moved too quickly! -12.31233428893006,0.0,14.20520019959099
[10Jan2021 06:37:21.560] [Server thread/WARN] [net.minecraft.network.play.ServerPlayNetHandler/]: Boat (vehicle of Nova_dev) moved too quickly! -12.572955464310951,0.0,14.508639410171554
[10Jan2021 06:37:21.560] [Server thread/WARN] [net.minecraft.network.play.ServerPlayNetHandler/]: Boat (vehicle of Nova_dev) moved too quickly! -12.83356002648543,0.0,14.812093072166249
[10Jan2021 06:37:21.565] [Server thread/WARN] [net.minecraft.server.MinecraftServer/]: Can't keep up! Is the server overloaded? Running 4092ms or 81 ticks behind
[10Jan2021 06:39:46.499] [Server thread/INFO] [net.minecraft.server.dedicated.DedicatedServer/]: <Gil_Mach> zzzz
[10Jan2021 06:39:49.310] [Server thread/INFO] [net.minecraft.network.play.ServerPlayNetHandler/]: Nova_dev lost connection: Disconnected
[10Jan2021 06:39:49.311] [Server thread/INFO] [net.minecraft.server.dedicated.DedicatedServer/]: Nova_dev left the game
[10Jan2021 06:40:09.511] [User Authenticator #485/INFO] [net.minecraft.network.login.ServerLoginNetHandler/]: UUID of player Nova_dev is dcda95b0-dc4c-48f4-805b-86a8222070f0
[10Jan2021 06:40:12.874] [Server thread/INFO] [net.minecraftforge.common.AdvancementLoadFix/]: Using new advancement loading for net.minecraft.advancements.PlayerAdvancements@7607d6ec
[10Jan2021 06:40:12.878] [Server thread/INFO] [net.minecraft.server.management.PlayerList/]: Nova_dev[/187.189.197.39:62385] logged in with entity id 2157527 at (-602.7058542434975, 62.07326446232528, 1086.9350447138138)
[10Jan2021 06:40:12.880] [Server thread/INFO] [net.minecraft.server.dedicated.DedicatedServer/]: Nova_dev joined the game
[10Jan2021 06:40:13.017] [Server thread/INFO] [net.minecraft.server.dedicated.DedicatedServer/]: <Tundery3> zzzzzzzzz
[10Jan2021 06:40:18.360] [Server thread/INFO] [net.minecraft.network.play.ServerPlayNetHandler/]: Nova_dev lost connection: Disconnected
[10Jan2021 06:40:18.361] [Server thread/INFO] [net.minecraft.server.dedicated.DedicatedServer/]: Nova_dev left the game
[10Jan2021 06:40:26.503] [User Authenticator #486/INFO] [net.minecraft.network.login.ServerLoginNetHandler/]: UUID of player Nova_dev is dcda95b0-dc4c-48f4-805b-86a8222070f0
[10Jan2021 06:40:29.909] [Server thread/INFO] [net.minecraftforge.common.AdvancementLoadFix/]: Using new advancement loading for net.minecraft.advancements.PlayerAdvancements@6088cec8
[10Jan2021 06:40:29.914] [Server thread/INFO] [net.minecraft.server.management.PlayerList/]: Nova_dev[/187.189.197.39:62392] logged in with entity id 2157916 at (-602.7058542434975, 62.07326446232528, 1083.7526116543147)
[10Jan2021 06:40:29.915] [Server thread/INFO] [net.minecraft.server.dedicated.DedicatedServer/]: Nova_dev joined the game
[10Jan2021 06:40:56.609] [User Authenticator #487/INFO] [net.minecraft.network.login.ServerLoginNetHandler/]: UUID of player Kation55 is 3ab47a30-044c-4e79-89e5-77d96c901589
[10Jan2021 06:40:59.517] [Server thread/INFO] [net.minecraftforge.common.AdvancementLoadFix/]: Using new advancement loading for net.minecraft.advancements.PlayerAdvancements@191ff3fe
[10Jan2021 06:40:59.524] [Server thread/INFO] [net.minecraft.server.management.PlayerList/]: Kation55[/187.200.136.172:46371] logged in with entity id 2158469 at (-231.5855675745462, 80.5, 920.9780877677625)
[10Jan2021 06:40:59.526] [Server thread/INFO] [net.minecraft.server.dedicated.DedicatedServer/]: Kation55 joined the game
[10Jan2021 06:41:46.008] [Server thread/INFO] [net.minecraft.network.play.ServerPlayNetHandler/]: Kation55 lost connection: Disconnected
[10Jan2021 06:41:46.008] [Server thread/INFO] [net.minecraft.server.dedicated.DedicatedServer/]: Kation55 left the game
[10Jan2021 06:42:14.335] [User Authenticator #488/INFO] [net.minecraft.network.login.ServerLoginNetHandler/]: UUID of player Kation55 is 3ab47a30-044c-4e79-89e5-77d96c901589
[10Jan2021 06:42:17.021] [Server thread/INFO] [net.minecraftforge.common.AdvancementLoadFix/]: Using new advancement loading for net.minecraft.advancements.PlayerAdvancements@11df7d58
[10Jan2021 06:42:17.028] [Server thread/INFO] [net.minecraft.server.management.PlayerList/]: Kation55[/187.200.136.172:57768] logged in with entity id 2159518 at (-220.13531871231842, 71.0, 865.901265121142)
[10Jan2021 06:42:17.031] [Server thread/INFO] [net.minecraft.server.dedicated.DedicatedServer/]: Kation55 joined the game
[10Jan2021 06:45:05.529] [Server thread/WARN] [net.minecraft.server.MinecraftServer/]: Can't keep up! Is the server overloaded? Running 2005ms or 40 ticks behind
[10Jan2021 06:45:20.891] [Server thread/WARN] [net.minecraft.network.play.ServerPlayNetHandler/]: Tundery3 moved too quickly! 1370.2263857702483,21.392604549951344,-1520.4223989370043
[10Jan2021 06:45:29.435] [Server thread/WARN] [net.minecraft.server.MinecraftServer/]: Can't keep up! Is the server overloaded? Running 8911ms or 178 ticks behind
[10Jan2021 06:45:48.846] [Server thread/INFO] [net.minecraft.server.dedicated.DedicatedServer/]: Gil_Mach has made the advancement [Fishy Business]
[10Jan2021 06:47:34.336] [Server thread/WARN] [net.minecraft.server.MinecraftServer/]: Can't keep up! Is the server overloaded? Running 2112ms or 42 ticks behind
[10Jan2021 06:51:26.227] [Server thread/INFO] [net.minecraft.network.play.ServerPlayNetHandler/]: Kation55 lost connection: Disconnected
[10Jan2021 06:51:26.227] [Server thread/INFO] [net.minecraft.server.dedicated.DedicatedServer/]: Kation55 left the game
[10Jan2021 06:51:53.439] [Server thread/WARN] [net.minecraft.network.play.ServerPlayNetHandler/]: Boat (vehicle of Gil_Mach) moved wrongly! 0.335197738083707
[10Jan2021 06:52:03.571] [User Authenticator #489/INFO] [net.minecraft.network.login.ServerLoginNetHandler/]: UUID of player Kation55 is 3ab47a30-044c-4e79-89e5-77d96c901589
[10Jan2021 06:52:06.258] [Server thread/INFO] [net.minecraftforge.common.AdvancementLoadFix/]: Using new advancement loading for net.minecraft.advancements.PlayerAdvancements@5f21cddf
[10Jan2021 06:52:06.269] [Server thread/INFO] [net.minecraft.server.management.PlayerList/]: Kation55[/187.200.136.172:46743] logged in with entity id 2165894 at (253.67077683341657, 70.0, 754.9159837656777)
[10Jan2021 06:52:06.271] [Server thread/INFO] [net.minecraft.server.dedicated.DedicatedServer/]: Kation55 joined the game
[10Jan2021 06:52:13.152] [Server thread/INFO] [net.minecraft.network.play.ServerPlayNetHandler/]: Kation55 lost connection: Disconnected
[10Jan2021 06:52:13.152] [Server thread/INFO] [net.minecraft.server.dedicated.DedicatedServer/]: Kation55 left the game
[10Jan2021 06:54:43.086] [User Authenticator #490/INFO] [net.minecraft.network.login.ServerLoginNetHandler/]: UUID of player Kation55 is 3ab47a30-044c-4e79-89e5-77d96c901589
[10Jan2021 06:54:45.895] [Server thread/INFO] [net.minecraftforge.common.AdvancementLoadFix/]: Using new advancement loading for net.minecraft.advancements.PlayerAdvancements@70ca10a8
[10Jan2021 06:54:45.901] [Server thread/INFO] [net.minecraft.server.management.PlayerList/]: Kation55[/187.200.136.172:57962] logged in with entity id 2168333 at (257.5209620490127, 71.0, 752.0024601898497)
[10Jan2021 06:54:45.903] [Server thread/INFO] [net.minecraft.server.dedicated.DedicatedServer/]: Kation55 joined the game
[10Jan2021 06:57:20.148] [Server thread/WARN] [net.minecraft.server.management.PlayerInteractionManager/]: Mismatch in destroy block pos: BlockPos{x=306, y=64, z=744} BlockPos{x=308, y=63, z=743}
[10Jan2021 06:59:24.834] [Server thread/WARN] [net.minecraft.server.MinecraftServer/]: Can't keep up! Is the server overloaded? Running 2011ms or 40 ticks behind
[10Jan2021 07:00:06.000] [Server thread/WARN] [net.minecraft.server.MinecraftServer/]: Can't keep up! Is the server overloaded? Running 2026ms or 40 ticks behind
[10Jan2021 07:00:23.141] [Server thread/WARN] [net.minecraft.server.MinecraftServer/]: Can't keep up! Is the server overloaded? Running 2167ms or 43 ticks behind
[10Jan2021 07:01:06.277] [Server thread/WARN] [net.minecraft.server.MinecraftServer/]: Can't keep up! Is the server overloaded? Running 2003ms or 40 ticks behind
[10Jan2021 07:02:46.776] [Server thread/WARN] [net.minecraft.server.MinecraftServer/]: Can't keep up! Is the server overloaded? Running 2053ms or 41 ticks behind
[10Jan2021 07:04:25.828] [Server thread/INFO] [net.minecraft.server.dedicated.DedicatedServer/]: <Tundery3> zzzzzzzzzz
[10Jan2021 07:04:28.527] [Server thread/WARN] [net.minecraft.server.MinecraftServer/]: Can't keep up! Is the server overloaded? Running 2003ms or 40 ticks behind
[10Jan2021 07:04:30.470] [Server thread/INFO] [net.minecraft.network.play.ServerPlayNetHandler/]: Kation55 lost connection: Disconnected
[10Jan2021 07:04:30.470] [Server thread/INFO] [net.minecraft.server.dedicated.DedicatedServer/]: Kation55 left the game
[10Jan2021 07:04:48.709] [Server thread/WARN] [net.minecraft.server.MinecraftServer/]: Can't keep up! Is the server overloaded? Running 5186ms or 103 ticks behind
[10Jan2021 07:05:03.183] [User Authenticator #491/INFO] [net.minecraft.network.login.ServerLoginNetHandler/]: UUID of player Kation55 is 3ab47a30-044c-4e79-89e5-77d96c901589
[10Jan2021 07:05:05.811] [Server thread/INFO] [net.minecraftforge.common.AdvancementLoadFix/]: Using new advancement loading for net.minecraft.advancements.PlayerAdvancements@48b38d42
[10Jan2021 07:05:05.817] [Server thread/INFO] [net.minecraft.server.management.PlayerList/]: Kation55[/187.200.136.172:47057] logged in with entity id 2174462 at (282.7877810054513, 65.0, 767.550701713344)
[10Jan2021 07:05:05.819] [Server thread/INFO] [net.minecraft.server.dedicated.DedicatedServer/]: Kation55 joined the game
[10Jan2021 07:15:50.379] [Server thread/INFO] [net.minecraft.server.dedicated.DedicatedServer/]: <Kation55> zzzzzzzzzz
[10Jan2021 07:16:20.463] [Server thread/WARN] [net.minecraft.network.play.ServerPlayNetHandler/]: Tundery3 moved too quickly! 9.972090296276441,1.2000000476837158,0.01650167294333471
[10Jan2021 07:16:29.124] [Server thread/WARN] [net.minecraft.server.MinecraftServer/]: Can't keep up! Is the server overloaded? Running 2001ms or 40 ticks behind
[10Jan2021 07:17:13.598] [Server thread/INFO] [net.minecraft.server.dedicated.DedicatedServer/]: Nova_dev has made the advancement [The City at the End of the Game]
[10Jan2021 07:17:59.463] [Server thread/WARN] [net.minecraft.server.MinecraftServer/]: Can't keep up! Is the server overloaded? Running 2040ms or 40 ticks behind
[10Jan2021 07:27:28.668] [Server thread/INFO] [net.minecraft.server.dedicated.DedicatedServer/]: Gil_Mach fell out of the world
[10Jan2021 07:27:29.677] [Server thread/FATAL] [net.minecraft.util.concurrent.ThreadTaskExecutor/]: Error executing task on Server
java.lang.NullPointerException: null
	at net.minecraft.world.server.TicketManager.func_219367_b(SourceFile:202) ~[?:?]
	at net.minecraft.world.server.ChunkManager.func_219183_a(ChunkManager.java:879) ~[?:?]
	at net.minecraft.world.server.ServerChunkProvider.func_217221_a(SourceFile:467) ~[?:?]
	at net.minecraft.network.play.ServerPlayNetHandler.func_147347_a(ServerPlayNetHandler.java:845) ~[?:?]
	at net.minecraft.network.play.client.CPlayerPacket.func_148833_a(SourceFile:122) ~[?:?]
	at net.minecraft.network.play.client.CPlayerPacket$PositionPacket.func_148833_a(SourceFile:56) ~[?:?]
	at net.minecraft.network.PacketThreadUtil.func_225383_a(SourceFile:21) ~[?:?]
	at net.minecraft.util.concurrent.TickDelayedTask.run(SourceFile:18) ~[?:?]
	at net.minecraft.util.concurrent.ThreadTaskExecutor.func_213166_h(SourceFile:144) ~[?:?]
	at net.minecraft.util.concurrent.RecursiveEventLoop.func_213166_h(SourceFile:23) ~[?:?]
	at net.minecraft.server.MinecraftServer.func_213166_h(MinecraftServer.java:733) ~[?:?]
	at net.minecraft.server.MinecraftServer.func_213166_h(MinecraftServer.java:159) ~[?:?]
	at net.minecraft.util.concurrent.ThreadTaskExecutor.func_213168_p(SourceFile:118) ~[?:?]
	at net.minecraft.server.MinecraftServer.func_213205_aW(MinecraftServer.java:716) ~[?:?]
	at net.minecraft.server.MinecraftServer.func_213168_p(MinecraftServer.java:710) ~[?:?]
	at net.minecraft.util.concurrent.ThreadTaskExecutor.func_213160_bf(SourceFile:103) ~[?:?]
	at net.minecraft.server.MinecraftServer.func_213202_o(MinecraftServer.java:695) ~[?:?]
	at net.minecraft.server.MinecraftServer.func_240802_v_(MinecraftServer.java:645) ~[?:?]
	at net.minecraft.server.MinecraftServer.lambda$startServer$0(MinecraftServer.java:232) ~[?:?]
	at java.lang.Thread.run(Thread.java:748) [?:1.8.0_275]
[10Jan2021 07:32:58.161] [Server thread/WARN] [net.minecraft.server.MinecraftServer/]: Can't keep up! Is the server overloaded? Running 2487ms or 49 ticks behind
[10Jan2021 07:36:14.625] [Server thread/WARN] [net.minecraft.server.MinecraftServer/]: Can't keep up! Is the server overloaded? Running 2002ms or 40 ticks behind
[10Jan2021 07:36:32.412] [Server thread/WARN] [net.minecraft.server.MinecraftServer/]: Can't keep up! Is the server overloaded? Running 2788ms or 55 ticks behind
[10Jan2021 07:38:05.229] [Server thread/WARN] [net.minecraft.server.MinecraftServer/]: Can't keep up! Is the server overloaded? Running 2355ms or 47 ticks behind
[10Jan2021 07:39:02.614] [Server thread/INFO] [net.minecraft.server.dedicated.DedicatedServer/]: Gil_Mach has made the advancement [The City at the End of the Game]
[10Jan2021 07:44:48.802] [Server thread/WARN] [net.minecraft.network.play.ServerPlayNetHandler/]: Nova_dev moved too quickly! 4.731893451204542,-56.0,-3.4342735767148955
[10Jan2021 07:44:48.845] [Server thread/INFO] [net.minecraft.server.dedicated.DedicatedServer/]: Nova_dev has completed the challenge [Great View From Up Here]
[10Jan2021 07:48:08.130] [Server thread/WARN] [net.minecraft.server.MinecraftServer/]: Can't keep up! Is the server overloaded? Running 2006ms or 40 ticks behind
[10Jan2021 07:48:31.278] [Server thread/WARN] [net.minecraft.server.MinecraftServer/]: Can't keep up! Is the server overloaded? Running 2005ms or 40 ticks behind
[10Jan2021 07:50:22.985] [Server thread/INFO] [net.minecraft.server.dedicated.DedicatedServer/]: Nova_dev has reached the goal [Sky's the Limit]
[10Jan2021 07:50:31.565] [Server thread/INFO] [net.minecraft.server.dedicated.DedicatedServer/]: Nova_dev has made the advancement [Local Brewery]
[10Jan2021 07:51:50.749] [Server thread/WARN] [net.minecraft.network.play.ServerPlayNetHandler/]: Nova_dev moved too quickly! -6.537638180876456,-18.0,5.638805271055659
[10Jan2021 07:52:10.935] [Server thread/WARN] [net.minecraft.network.play.ServerPlayNetHandler/]: Nova_dev moved too quickly! -5.443278085173461,-12.0,5.947064219491978
[10Jan2021 07:53:26.427] [Server thread/WARN] [net.minecraft.server.MinecraftServer/]: Can't keep up! Is the server overloaded? Running 2004ms or 40 ticks behind
[10Jan2021 07:55:52.662] [Server thread/WARN] [net.minecraft.network.play.ServerPlayNetHandler/]: Nova_dev moved too quickly! -5.675250341421361,-23.0,-1.8064711135367446
[10Jan2021 07:56:04.347] [Server thread/WARN] [net.minecraft.network.play.ServerPlayNetHandler/]: Nova_dev moved too quickly! -7.19839720771779,0.0,-7.030633430526464
[10Jan2021 07:56:31.148] [Server thread/INFO] [net.minecraft.server.dedicated.DedicatedServer/]: Nova_dev fell from a high place
[10Jan2021 07:58:13.458] [Server thread/WARN] [net.minecraft.network.play.ServerPlayNetHandler/]: Nova_dev moved too quickly! 1.186393712829613,-0.604424101326714,-10.307267550816391
[10Jan2021 07:58:13.462] [Server thread/WARN] [net.minecraft.server.MinecraftServer/]: Can't keep up! Is the server overloaded? Running 2239ms or 44 ticks behind
[10Jan2021 08:01:45.452] [Server thread/INFO] [net.minecraft.network.play.ServerPlayNetHandler/]: Nova_dev lost connection: Disconnected
[10Jan2021 08:01:45.452] [Server thread/INFO] [net.minecraft.server.dedicated.DedicatedServer/]: Nova_dev left the game
[10Jan2021 08:01:55.943] [User Authenticator #492/INFO] [net.minecraft.network.login.ServerLoginNetHandler/]: UUID of player Nova_dev is dcda95b0-dc4c-48f4-805b-86a8222070f0
[10Jan2021 08:01:59.160] [Server thread/INFO] [net.minecraftforge.common.AdvancementLoadFix/]: Using new advancement loading for net.minecraft.advancements.PlayerAdvancements@28677dfe
[10Jan2021 08:01:59.169] [Server thread/INFO] [net.minecraft.server.management.PlayerList/]: Nova_dev[/187.189.197.39:61770] logged in with entity id 2208705 at (-8.098920200191191, 11.0, 890.0215543600196)
[10Jan2021 08:01:59.171] [Server thread/INFO] [net.minecraft.server.dedicated.DedicatedServer/]: Nova_dev joined the game
[10Jan2021 08:03:14.664] [Server thread/WARN] [net.minecraft.network.play.ServerPlayNetHandler/]: Nova_dev moved too quickly! -0.2791320508673856,0.20000004768371582,-10.559442946032732
[10Jan2021 08:03:17.646] [Server thread/WARN] [net.minecraft.network.play.ServerPlayNetHandler/]: Nova_dev moved too quickly! -0.019573788850440366,0.20000004768371582,-10.539087078111038
[10Jan2021 08:03:17.652] [Server thread/WARN] [net.minecraft.server.MinecraftServer/]: Can't keep up! Is the server overloaded? Running 3128ms or 62 ticks behind
[10Jan2021 08:03:47.900] [Server thread/WARN] [net.minecraft.server.management.PlayerInteractionManager/]: Mismatch in destroy block pos: BlockPos{x=-857, y=90, z=-556} BlockPos{x=-857, y=90, z=-557}
[10Jan2021 08:13:35.460] [Server thread/INFO] [net.minecraft.network.play.ServerPlayNetHandler/]: Kation55 lost connection: Disconnected
[10Jan2021 08:13:35.461] [Server thread/INFO] [net.minecraft.server.dedicated.DedicatedServer/]: Kation55 left the game
[10Jan2021 08:13:44.092] [Server thread/INFO] [net.minecraft.network.play.ServerPlayNetHandler/]: Nova_dev lost connection: Disconnected
[10Jan2021 08:13:44.093] [Server thread/INFO] [net.minecraft.server.dedicated.DedicatedServer/]: Nova_dev left the game
[10Jan2021 08:14:00.668] [Server thread/INFO] [net.minecraft.server.dedicated.DedicatedServer/]: <Tundery3> zzzzzzzzzz
[10Jan2021 08:14:18.757] [User Authenticator #493/INFO] [net.minecraft.network.login.ServerLoginNetHandler/]: UUID of player Nova_dev is dcda95b0-dc4c-48f4-805b-86a8222070f0
[10Jan2021 08:14:22.079] [Server thread/INFO] [net.minecraftforge.common.AdvancementLoadFix/]: Using new advancement loading for net.minecraft.advancements.PlayerAdvancements@59c24666
[10Jan2021 08:14:22.084] [Server thread/INFO] [net.minecraft.server.management.PlayerList/]: Nova_dev[/187.189.197.39:61827] logged in with entity id 2215384 at (438.8615039280671, 66.0, 742.615544555166)
[10Jan2021 08:14:22.086] [Server thread/INFO] [net.minecraft.server.dedicated.DedicatedServer/]: Nova_dev joined the game
[10Jan2021 08:15:04.438] [User Authenticator #494/INFO] [net.minecraft.network.login.ServerLoginNetHandler/]: UUID of player Kation55 is 3ab47a30-044c-4e79-89e5-77d96c901589
[10Jan2021 08:15:07.465] [Server thread/INFO] [net.minecraftforge.common.AdvancementLoadFix/]: Using new advancement loading for net.minecraft.advancements.PlayerAdvancements@1ce8e8ff
[10Jan2021 08:15:07.470] [Server thread/INFO] [net.minecraft.server.management.PlayerList/]: Kation55[/187.200.136.172:58680] logged in with entity id 2215872 at (441.5372259245415, 66.0, 762.2441105494161)
[10Jan2021 08:15:07.472] [Server thread/INFO] [net.minecraft.server.dedicated.DedicatedServer/]: Kation55 joined the game
[10Jan2021 08:17:46.563] [Server thread/INFO] [net.minecraft.network.play.ServerPlayNetHandler/]: Tundery3 lost connection: Disconnected
[10Jan2021 08:17:46.563] [Server thread/INFO] [net.minecraft.server.dedicated.DedicatedServer/]: Tundery3 left the game
[10Jan2021 08:20:23.855] [Server thread/INFO] [net.minecraft.network.play.ServerPlayNetHandler/]: Kation55 lost connection: Disconnected
[10Jan2021 08:20:23.856] [Server thread/INFO] [net.minecraft.server.dedicated.DedicatedServer/]: Kation55 left the game
[10Jan2021 08:20:47.101] [Server thread/INFO] [net.minecraft.network.play.ServerPlayNetHandler/]: Nova_dev lost connection: Disconnected
[10Jan2021 08:20:47.101] [Server thread/INFO] [net.minecraft.server.dedicated.DedicatedServer/]: Nova_dev left the game
[10Jan2021 08:23:21.428] [Server thread/INFO] [net.minecraft.server.dedicated.DedicatedServer/]: Gil_Mach has reached the goal [Sky's the Limit]
[10Jan2021 08:25:14.878] [Server thread/INFO] [net.minecraft.network.play.ServerPlayNetHandler/]: Gil_Mach lost connection: Disconnected
[10Jan2021 08:25:14.878] [Server thread/INFO] [net.minecraft.server.dedicated.DedicatedServer/]: Gil_Mach left the game
[10Jan2021 09:18:53.330] [User Authenticator #495/INFO] [net.minecraft.network.login.ServerLoginNetHandler/]: UUID of player SaraStrifu is 2158a7dc-7b9c-4173-9548-ed5b9038aa70
[10Jan2021 09:18:57.229] [Server thread/INFO] [net.minecraftforge.common.AdvancementLoadFix/]: Using new advancement loading for net.minecraft.advancements.PlayerAdvancements@3aa4a5df
[10Jan2021 09:18:57.234] [Server thread/INFO] [net.minecraft.server.management.PlayerList/]: SaraStrifu[/189.159.14.218:63670] logged in with entity id 2219348 at (-100.69999998807907, 71.0, 729.628000482964)
[10Jan2021 09:18:57.236] [Server thread/INFO] [net.minecraft.server.dedicated.DedicatedServer/]: SaraStrifu joined the game
[10Jan2021 09:19:09.892] [User Authenticator #496/INFO] [net.minecraft.network.login.ServerLoginNetHandler/]: UUID of player Gil_Mach is fb8275ef-1940-4fb8-a791-cf237169df2b
[10Jan2021 09:19:13.556] [Server thread/INFO] [net.minecraftforge.common.AdvancementLoadFix/]: Using new advancement loading for net.minecraft.advancements.PlayerAdvancements@49f1bcf0
[10Jan2021 09:19:13.567] [Server thread/INFO] [net.minecraft.server.management.PlayerList/]: Gil_Mach[/177.249.36.110:25503] logged in with entity id 2219747 at (-775.9571514966157, 149.0, -879.9097371582139)
[10Jan2021 09:19:13.570] [Server thread/INFO] [net.minecraft.server.dedicated.DedicatedServer/]: Gil_Mach joined the game
[10Jan2021 09:20:51.938] [User Authenticator #497/INFO] [net.minecraft.network.login.ServerLoginNetHandler/]: UUID of player Tundery3 is 0fe96bcd-2fd2-45ba-be3f-44621eddbd00
[10Jan2021 09:20:57.207] [Server thread/INFO] [net.minecraftforge.common.AdvancementLoadFix/]: Using new advancement loading for net.minecraft.advancements.PlayerAdvancements@1f02768a
[10Jan2021 09:20:57.213] [Server thread/INFO] [net.minecraft.server.management.PlayerList/]: Tundery3[/177.228.110.9:4757] logged in with entity id 2220235 at (-157.25285973744167, 75.0, 791.3000000119209)
[10Jan2021 09:20:57.215] [Server thread/INFO] [net.minecraft.server.dedicated.DedicatedServer/]: Tundery3 joined the game
[10Jan2021 09:22:21.373] [Server thread/WARN] [net.minecraft.server.MinecraftServer/]: Can't keep up! Is the server overloaded? Running 2049ms or 40 ticks behind
[10Jan2021 09:23:47.861] [Server thread/WARN] [net.minecraft.server.MinecraftServer/]: Can't keep up! Is the server overloaded? Running 2037ms or 40 ticks behind
[10Jan2021 09:24:37.475] [Server thread/INFO] [net.minecraft.server.dedicated.DedicatedServer/]: <Tundery3> zzzzzzzzz
[10Jan2021 09:24:59.604] [Server thread/INFO] [net.minecraft.server.dedicated.DedicatedServer/]: <SaraStrifu> zzzz
[10Jan2021 09:27:43.998] [Server thread/INFO] [net.minecraft.server.dedicated.DedicatedServer/]: Gil_Mach fell out of the world
[10Jan2021 09:27:45.073] [Server thread/FATAL] [net.minecraft.util.concurrent.ThreadTaskExecutor/]: Error executing task on Server
java.lang.NullPointerException: null
[10Jan2021 09:31:35.150] [Server thread/INFO] [net.minecraft.server.dedicated.DedicatedServer/]: SaraStrifu has made the advancement [Cover Me With Diamonds]
[10Jan2021 09:35:36.002] [Server thread/INFO] [net.minecraft.server.dedicated.DedicatedServer/]: <Tundery3> zzzzzzzzz
[10Jan2021 09:39:33.424] [Server thread/INFO] [net.minecraft.server.dedicated.DedicatedServer/]: SaraStrifu has made the advancement [Eye Spy]
[10Jan2021 09:43:07.001] [Server thread/INFO] [net.minecraft.server.dedicated.DedicatedServer/]: SaraStrifu has made the advancement [The End?]
[10Jan2021 09:44:48.284] [Server thread/INFO] [net.minecraft.server.dedicated.DedicatedServer/]: Gil_Mach blew up
[10Jan2021 09:45:01.384] [Server thread/INFO] [net.minecraft.server.dedicated.DedicatedServer/]: SaraStrifu has reached the goal [The End... Again...]
[10Jan2021 09:45:01.384] [Server thread/INFO] [net.minecraft.server.dedicated.DedicatedServer/]: Tundery3 has reached the goal [The End... Again...]
[10Jan2021 09:45:20.680] [Server thread/INFO] [net.minecraft.server.dedicated.DedicatedServer/]: Tundery3 was killed by Ender Dragon using magic
[10Jan2021 09:46:18.239] [Server thread/INFO] [net.minecraft.server.dedicated.DedicatedServer/]: Gil_Mach has completed the challenge [Cover Me in Debris]
[10Jan2021 09:48:22.027] [Server thread/INFO] [net.minecraft.server.dedicated.DedicatedServer/]: Tundery3 was slain by Ender Dragon
[10Jan2021 09:50:06.189] [Server thread/WARN] [net.minecraft.world.TrackedEntity/]: Fetching packet for removed entity ItemEntity['Air'/2230381, l='ServerLevel[world]', x=-1286.39, y=11.00, z=1468.80]
[10Jan2021 09:53:04.582] [Server thread/INFO] [net.minecraft.server.dedicated.DedicatedServer/]: SaraStrifu fell from a high place
[10Jan2021 09:56:22.387] [Server thread/INFO] [net.minecraft.server.dedicated.DedicatedServer/]: Tundery3 has made the advancement [Free the End]
[10Jan2021 09:56:32.728] [Server thread/INFO] [net.minecraft.server.dedicated.DedicatedServer/]: Gil_Mach was slain by Enderman
[10Jan2021 09:56:41.540] [Server thread/INFO] [net.minecraft.server.dedicated.DedicatedServer/]: Tundery3 has reached the goal [Sky's the Limit]
[10Jan2021 10:00:39.077] [Server thread/INFO] [net.minecraft.server.dedicated.DedicatedServer/]: SaraStrifu was slain by Enderman
[10Jan2021 10:03:16.633] [Server thread/INFO] [net.minecraft.server.dedicated.DedicatedServer/]: SaraStrifu was slain by Enderman
[10Jan2021 10:04:00.276] [Server thread/WARN] [net.minecraft.server.MinecraftServer/]: Can't keep up! Is the server overloaded? Running 2152ms or 43 ticks behind
[10Jan2021 10:04:01.572] [Server thread/WARN] [net.minecraft.network.play.ServerPlayNetHandler/]: Tundery3 moved too quickly! 7.559320961898834,-1.2468000194787976,6.596952212108931
[10Jan2021 10:04:01.573] [Server thread/WARN] [net.minecraft.network.play.ServerPlayNetHandler/]: SaraStrifu moved too quickly! 1369.98044944522,21.26590000152588,-1520.5411615184978
[10Jan2021 10:04:17.280] [Server thread/WARN] [net.minecraft.server.MinecraftServer/]: Can't keep up! Is the server overloaded? Running 2007ms or 40 ticks behind
[10Jan2021 10:04:47.032] [Server thread/INFO] [net.minecraft.server.dedicated.DedicatedServer/]: Gil_Mach was slain by Enderman
[10Jan2021 10:05:39.078] [User Authenticator #498/INFO] [net.minecraft.network.login.ServerLoginNetHandler/]: UUID of player TheLukkar is f677ada8-0862-44c2-bd09-8f1e3757ce7e
[10Jan2021 10:05:41.841] [Server thread/INFO] [net.minecraftforge.common.AdvancementLoadFix/]: Using new advancement loading for net.minecraft.advancements.PlayerAdvancements@4eb47d64
[10Jan2021 10:05:41.848] [Server thread/INFO] [net.minecraft.server.management.PlayerList/]: TheLukkar[/110.134.78.64:61457] logged in with entity id 2234903 at (-230.63567305340115, 111.0, 926.3000000119209)
[10Jan2021 10:05:41.851] [Server thread/INFO] [net.minecraft.server.dedicated.DedicatedServer/]: TheLukkar joined the game
[10Jan2021 10:06:11.367] [Server thread/INFO] [net.minecraft.server.dedicated.DedicatedServer/]: Gil_Mach fell out of the world
[10Jan2021 10:06:32.333] [Server thread/WARN] [net.minecraft.server.MinecraftServer/]: Can't keep up! Is the server overloaded? Running 2210ms or 44 ticks behind
[10Jan2021 10:06:32.389] [Server thread/WARN] [net.minecraft.network.play.ServerPlayNetHandler/]: Tundery3 moved too quickly! -9.411268542653602,0.17081290814229533,4.869859002991689
[10Jan2021 10:07:18.626] [Server thread/INFO] [net.minecraft.server.dedicated.DedicatedServer/]: <TheLukkar> zzzzz
[10Jan2021 10:08:28.693] [Server thread/WARN] [net.minecraft.network.play.ServerPlayNetHandler/]: Gil_Mach moved too quickly! 6.543268762562832,0.5061351021062137,-7.894174283558527
[10Jan2021 10:08:29.737] [Server thread/WARN] [net.minecraft.server.MinecraftServer/]: Can't keep up! Is the server overloaded? Running 2013ms or 40 ticks behind
[10Jan2021 10:13:48.714] [Server thread/INFO] [net.minecraft.server.dedicated.DedicatedServer/]: TheLukkar was slain by Vindicator
[10Jan2021 10:14:02.113] [Server thread/INFO] [net.minecraft.server.dedicated.DedicatedServer/]: Gil_Mach was slain by Vindicator
[10Jan2021 10:17:04.950] [Server thread/INFO] [net.minecraft.entity.Entity/]: Villager VillagerEntity['Butcher'/2236779, l='ServerLevel[world]', x=-166.30, y=71.00, z=695.30] died, message: 'Butcher was shot by Pillager'
[10Jan2021 10:20:32.882] [Server thread/INFO] [net.minecraft.network.play.ServerPlayNetHandler/]: SaraStrifu lost connection: Disconnected
[10Jan2021 10:20:32.882] [Server thread/INFO] [net.minecraft.server.dedicated.DedicatedServer/]: SaraStrifu left the game
[10Jan2021 10:21:53.764] [Server thread/INFO] [net.minecraft.server.dedicated.DedicatedServer/]: TheLukkar was slain by Vex
[10Jan2021 10:22:15.361] [Server thread/INFO] [net.minecraft.entity.Entity/]: Villager VillagerEntity['Librarian'/2236776, l='ServerLevel[world]', x=-182.70, y=71.00, z=695.32] died, message: 'Librarian was shot by Pillager'
[10Jan2021 10:22:59.420] [Server thread/INFO] [net.minecraft.server.dedicated.DedicatedServer/]: Tundery3 was slain by Ravager
[10Jan2021 10:23:33.982] [Server thread/WARN] [net.minecraft.server.MinecraftServer/]: Can't keep up! Is the server overloaded? Running 2008ms or 40 ticks behind
[10Jan2021 10:26:05.123] [Server thread/INFO] [net.minecraft.server.dedicated.DedicatedServer/]: TheLukkar has completed the challenge [Hero of the Village]
[10Jan2021 10:26:05.124] [Server thread/INFO] [net.minecraft.server.dedicated.DedicatedServer/]: Gil_Mach has completed the challenge [Hero of the Village]
[10Jan2021 10:26:05.124] [Server thread/INFO] [net.minecraft.server.dedicated.DedicatedServer/]: Tundery3 has completed the challenge [Hero of the Village]
[10Jan2021 10:37:39.842] [Server thread/INFO] [net.minecraft.server.dedicated.DedicatedServer/]: TheLukkar has reached the goal [The Next Generation]
[10Jan2021 10:40:50.957] [Server thread/INFO] [net.minecraft.network.play.ServerPlayNetHandler/]: Tundery3 lost connection: Disconnected
[10Jan2021 10:40:50.957] [Server thread/INFO] [net.minecraft.server.dedicated.DedicatedServer/]: Tundery3 left the game
[10Jan2021 10:47:09.182] [Server thread/WARN] [net.minecraft.server.MinecraftServer/]: Can't keep up! Is the server overloaded? Running 2008ms or 40 ticks behind
[10Jan2021 10:50:39.903] [Server thread/INFO] [net.minecraft.server.dedicated.DedicatedServer/]: <TheLukkar> 635, 72, 830
[10Jan2021 10:53:25.801] [Server thread/INFO] [net.minecraft.server.dedicated.DedicatedServer/]: <Gil_Mach> T
[10Jan2021 11:03:17.687] [Server thread/INFO] [net.minecraft.network.play.ServerPlayNetHandler/]: TheLukkar lost connection: Disconnected
[10Jan2021 11:03:17.687] [Server thread/INFO] [net.minecraft.server.dedicated.DedicatedServer/]: TheLukkar left the game
[10Jan2021 11:05:05.630] [Server thread/WARN] [net.minecraft.server.MinecraftServer/]: Can't keep up! Is the server overloaded? Running 2006ms or 40 ticks behind
[10Jan2021 11:11:11.077] [Server thread/INFO] [net.minecraft.server.dedicated.DedicatedServer/]: Gil_Mach fell out of the world
[10Jan2021 11:11:21.563] [Server thread/INFO] [net.minecraft.network.play.ServerPlayNetHandler/]: Gil_Mach lost connection: Disconnected
[10Jan2021 11:11:21.563] [Server thread/INFO] [net.minecraft.server.dedicated.DedicatedServer/]: Gil_Mach left the game
[10Jan2021 18:14:33.244] [User Authenticator #499/INFO] [net.minecraft.network.login.ServerLoginNetHandler/]: UUID of player Gil_Mach is fb8275ef-1940-4fb8-a791-cf237169df2b
[10Jan2021 18:14:36.387] [Server thread/INFO] [net.minecraftforge.common.AdvancementLoadFix/]: Using new advancement loading for net.minecraft.advancements.PlayerAdvancements@5fa7c16e
[10Jan2021 18:14:36.394] [Server thread/INFO] [net.minecraft.server.management.PlayerList/]: Gil_Mach[/177.249.36.110:37791] logged in with entity id 2254994 at (-182.1036051113161, 67.0, 752.9125545110693)
[10Jan2021 18:14:36.397] [Server thread/INFO] [net.minecraft.server.dedicated.DedicatedServer/]: Gil_Mach joined the game
[10Jan2021 18:48:38.866] [Server thread/WARN] [net.minecraft.server.MinecraftServer/]: Can't keep up! Is the server overloaded? Running 2092ms or 41 ticks behind
[10Jan2021 19:13:23.127] [Server thread/WARN] [net.minecraft.server.MinecraftServer/]: Can't keep up! Is the server overloaded? Running 2003ms or 40 ticks behind
[10Jan2021 20:38:35.096] [Server thread/INFO] [net.minecraft.network.play.ServerPlayNetHandler/]: Gil_Mach lost connection: Disconnected
[10Jan2021 20:38:35.097] [Server thread/INFO] [net.minecraft.server.dedicated.DedicatedServer/]: Gil_Mach left the game
[10Jan2021 20:43:12.725] [Server thread/INFO] [net.minecraft.server.dedicated.DedicatedServer/]: Stopping the server
[10Jan2021 20:43:12.825] [Server thread/INFO] [net.minecraft.server.MinecraftServer/]: Stopping server
[10Jan2021 20:43:12.827] [Server thread/INFO] [net.minecraft.server.MinecraftServer/]: Saving players
[10Jan2021 20:43:12.827] [Server thread/INFO] [net.minecraft.server.MinecraftServer/]: Saving worlds
[10Jan2021 20:43:12.827] [Server thread/INFO] [net.minecraft.server.MinecraftServer/]: Saving chunks for level 'ServerLevel[world]'/minecraft:overworld
[10Jan2021 20:43:12.915] [Server thread/INFO] [net.minecraft.world.server.ChunkManager/]: ThreadedAnvilChunkStorage (world): All chunks are saved
[10Jan2021 20:43:12.915] [Server thread/INFO] [net.minecraft.server.MinecraftServer/]: Saving chunks for level 'ServerLevel[world]'/minecraft:the_nether
[10Jan2021 20:43:12.919] [Server thread/INFO] [net.minecraft.world.server.ChunkManager/]: ThreadedAnvilChunkStorage (DIM-1): All chunks are saved
[10Jan2021 20:43:12.919] [Server thread/INFO] [net.minecraft.server.MinecraftServer/]: Saving chunks for level 'ServerLevel[world]'/minecraft:the_end
[10Jan2021 20:43:12.925] [Server thread/INFO] [net.minecraft.world.server.ChunkManager/]: ThreadedAnvilChunkStorage (DIM1): All chunks are saved
[10Jan2021 20:43:12.971] [Server thread/INFO] [net.minecraft.world.server.ChunkManager/]: ThreadedAnvilChunkStorage (world): All chunks are saved
[10Jan2021 20:43:13.790] [Server thread/INFO] [net.minecraft.world.server.ChunkManager/]: ThreadedAnvilChunkStorage (DIM-1): All chunks are saved
[10Jan2021 20:43:13.837] [Server thread/INFO] [net.minecraft.world.server.ChunkManager/]: ThreadedAnvilChunkStorage (DIM1): All chunks are saved
